<?xml version="1.0" encoding="UTF-8"?>
<!-- Generated by org.testng.reporters.JUnitXMLReporter -->
<testsuite ignored="1" hostname="LAPTOP-7LPQ0L1T" failures="0" tests="1" name="Test" time="7.82" errors="0" timestamp="2024-09-27T18:19:06 IST">
  <testcase classname="testCases.TC002LoginPage" name="PerformLogin" time="1.558"/>
  <testcase classname="testCases.TC001RegistrationPage" name="executReegistration" time="0.0">
    <ignored/>
  </testcase> <!-- executReegistration -->
</testsuite> <!-- Test -->
