<?xml version="1.0" encoding="UTF-8"?>
<testsuite xmlns:xsi="http://www.w3.org/2001/XMLSchema-instance" xsi:noNamespaceSchemaLocation="https://maven.apache.org/surefire/maven-surefire-plugin/xsd/surefire-test-report.xsd" version="3.0.2" name="TestSuite" time="19.294" tests="2" errors="0" skipped="0" failures="0">
  <properties>
[...]
</properties>
  <testcase name="PerformLoginTest" classname="testCases.TC002LoginPage" time="1.573"/>
  <testcase name="executeEditAccountInfo" classname="testCases.TC003EditAccountInfo" time="3.702">
    <system-out><![CDATA[true
]]></system-out>
  </testcase>
</testsuite>