<?xml version="1.0" encoding="UTF-8"?>
<testng-results ignored="0" total="2" passed="2" failed="0" skipped="0">
  <reporter-output>
  </reporter-output>
  <suite started-at="2024-10-01T13:10:14 IST" name="MasterSuite" finished-at="2024-10-01T13:10:31 IST" duration-ms="17400">
    <groups>
      <group name="Master">
        <method signature="TC002LoginPage.PerformLoginTest()[pri:0, instance:testCases.TC002LoginPage@1852a3ff]" name="PerformLoginTest" class="testCases.TC002LoginPage"/>
      </group> <!-- Master -->
      <group name="Regression">
        <method signature="TC002LoginPage.PerformLoginTest()[pri:0, instance:testCases.TC002LoginPage@1852a3ff]" name="PerformLoginTest" class="testCases.TC002LoginPage"/>
      </group> <!-- Regression -->
    </groups>
    <test started-at="2024-10-01T13:10:14 IST" name="ChromeTest" finished-at="2024-10-01T13:10:31 IST" duration-ms="17400">
      <class name="testCases.TC002LoginPage">
        <test-method is-config="true" signature="setup(java.lang.String)[pri:0, instance:testCases.TC002LoginPage@1852a3ff]" started-at="2024-10-01T13:10:14 IST" name="setup" finished-at="2024-10-01T13:10:19 IST" duration-ms="4683" status="PASS">
          <params>
            <param index="0">
              <value>
                <![CDATA[edge]]>
              </value>
            </param>
          </params>
          <reporter-output>
          </reporter-output>
        </test-method> <!-- setup -->
        <test-method signature="PerformLoginTest()[pri:0, instance:testCases.TC002LoginPage@1852a3ff]" started-at="2024-10-01T13:10:19 IST" name="PerformLoginTest" finished-at="2024-10-01T13:10:20 IST" duration-ms="1570" status="PASS">
          <reporter-output>
          </reporter-output>
        </test-method> <!-- PerformLoginTest -->
        <test-method is-config="true" signature="tearDown()[pri:0, instance:testCases.TC002LoginPage@1852a3ff]" started-at="2024-10-01T13:10:20 IST" name="tearDown" finished-at="2024-10-01T13:10:21 IST" duration-ms="1333" status="PASS">
          <reporter-output>
          </reporter-output>
        </test-method> <!-- tearDown -->
      </class> <!-- testCases.TC002LoginPage -->
      <class name="testCases.TC003EditAccountInfo">
        <test-method is-config="true" signature="setup(java.lang.String)[pri:0, instance:testCases.TC003EditAccountInfo@71454b9d]" started-at="2024-10-01T13:10:21 IST" name="setup" finished-at="2024-10-01T13:10:26 IST" duration-ms="4373" status="PASS">
          <params>
            <param index="0">
              <value>
                <![CDATA[edge]]>
              </value>
            </param>
          </params>
          <reporter-output>
          </reporter-output>
        </test-method> <!-- setup -->
        <test-method signature="executeEditAccountInfo()[pri:0, instance:testCases.TC003EditAccountInfo@71454b9d]" started-at="2024-10-01T13:10:26 IST" name="executeEditAccountInfo" finished-at="2024-10-01T13:10:30 IST" duration-ms="3696" status="PASS">
          <reporter-output>
          </reporter-output>
        </test-method> <!-- executeEditAccountInfo -->
        <test-method is-config="true" signature="tearDown()[pri:0, instance:testCases.TC003EditAccountInfo@71454b9d]" started-at="2024-10-01T13:10:30 IST" name="tearDown" finished-at="2024-10-01T13:10:31 IST" duration-ms="1470" status="PASS">
          <reporter-output>
          </reporter-output>
        </test-method> <!-- tearDown -->
      </class> <!-- testCases.TC003EditAccountInfo -->
    </test> <!-- ChromeTest -->
  </suite> <!-- MasterSuite -->
</testng-results>
